2019-08-25 22:14:17,177 [Worker-2: Loading available Gradle versions] INFO  o.e.b.c.i.u.g.PublishedGradleVersions - Gradle version information cache is not available. Remote download required.
2019-08-29 13:52:22,035 [Worker-0: Loading available Gradle versions] INFO  o.e.b.c.i.u.g.PublishedGradleVersions - Gradle version information cache is out-of-date. Trying to update.
2019-08-29 14:06:42,071 [Worker-10: Loading available Gradle versions] INFO  o.e.b.c.i.u.g.PublishedGradleVersions - Gradle version information cache is up-to-date. Trying to read.
2019-08-29 14:30:51,881 [Worker-4: Loading available Gradle versions] INFO  o.e.b.c.i.u.g.PublishedGradleVersions - Gradle version information cache is up-to-date. Trying to read.
2019-08-29 14:35:32,540 [Worker-4: Loading available Gradle versions] INFO  o.e.b.c.i.u.g.PublishedGradleVersions - Gradle version information cache is up-to-date. Trying to read.
2019-08-30 12:59:08,201 [Worker-5: Loading available Gradle versions] INFO  o.e.b.c.i.u.g.PublishedGradleVersions - Gradle version information cache is up-to-date. Trying to read.
2019-08-30 17:06:08,670 [Worker-4: Loading available Gradle versions] INFO  o.e.b.c.i.u.g.PublishedGradleVersions - Gradle version information cache is out-of-date. Trying to update.
2019-08-30 17:06:14,598 [Worker-4: Loading available Gradle versions] INFO  o.e.b.c.i.u.g.PublishedGradleVersions - Updating Gradle version information cache failed. Using outdated cache.
2019-08-31 22:34:01,901 [Worker-5: Loading available Gradle versions] INFO  o.e.b.c.i.u.g.PublishedGradleVersions - Gradle version information cache is out-of-date. Trying to update.
2019-09-01 18:13:37,868 [Worker-4: Loading available Gradle versions] INFO  o.e.b.c.i.u.g.PublishedGradleVersions - Gradle version information cache is up-to-date. Trying to read.
2019-09-01 18:39:21,344 [Worker-1: Loading available Gradle versions] INFO  o.e.b.c.i.u.g.PublishedGradleVersions - Gradle version information cache is up-to-date. Trying to read.
2019-09-01 21:56:28,770 [Worker-2: Loading available Gradle versions] INFO  o.e.b.c.i.u.g.PublishedGradleVersions - Gradle version information cache is up-to-date. Trying to read.
2019-09-01 23:02:39,457 [Worker-4: Loading available Gradle versions] INFO  o.e.b.c.i.u.g.PublishedGradleVersions - Gradle version information cache is out-of-date. Trying to update.
2019-09-02 13:00:22,598 [Worker-2: Loading available Gradle versions] INFO  o.e.b.c.i.u.g.PublishedGradleVersions - Gradle version information cache is up-to-date. Trying to read.
2019-09-03 00:15:25,870 [Worker-2: Loading available Gradle versions] INFO  o.e.b.c.i.u.g.PublishedGradleVersions - Gradle version information cache is out-of-date. Trying to update.
2019-09-03 12:17:55,424 [Worker-2: Loading available Gradle versions] INFO  o.e.b.c.i.u.g.PublishedGradleVersions - Gradle version information cache is up-to-date. Trying to read.
2019-09-03 13:31:42,188 [Worker-4: Loading available Gradle versions] INFO  o.e.b.c.i.u.g.PublishedGradleVersions - Gradle version information cache is up-to-date. Trying to read.
2019-09-04 13:20:21,903 [Worker-0: Loading available Gradle versions] INFO  o.e.b.c.i.u.g.PublishedGradleVersions - Gradle version information cache is out-of-date. Trying to update.
2019-09-04 13:37:11,347 [Worker-0: Loading available Gradle versions] INFO  o.e.b.c.i.u.g.PublishedGradleVersions - Gradle version information cache is up-to-date. Trying to read.
2019-09-05 12:42:25,336 [Worker-3: Loading available Gradle versions] INFO  o.e.b.c.i.u.g.PublishedGradleVersions - Gradle version information cache is up-to-date. Trying to read.
2019-09-06 12:11:57,698 [Worker-1: Loading available Gradle versions] INFO  o.e.b.c.i.u.g.PublishedGradleVersions - Gradle version information cache is out-of-date. Trying to update.
2019-09-06 15:51:06,682 [Worker-1: Loading available Gradle versions] INFO  o.e.b.c.i.u.g.PublishedGradleVersions - Gradle version information cache is up-to-date. Trying to read.
2019-09-06 23:17:55,353 [Worker-3: Loading available Gradle versions] INFO  o.e.b.c.i.u.g.PublishedGradleVersions - Gradle version information cache is up-to-date. Trying to read.
2019-09-07 19:54:39,528 [Worker-4: Loading available Gradle versions] INFO  o.e.b.c.i.u.g.PublishedGradleVersions - Gradle version information cache is out-of-date. Trying to update.
2019-09-07 20:02:46,894 [Worker-3: Loading available Gradle versions] INFO  o.e.b.c.i.u.g.PublishedGradleVersions - Gradle version information cache is up-to-date. Trying to read.
2019-09-07 22:48:02,750 [Worker-4: Loading available Gradle versions] INFO  o.e.b.c.i.u.g.PublishedGradleVersions - Gradle version information cache is up-to-date. Trying to read.
2019-09-08 15:14:04,893 [Worker-3: Loading available Gradle versions] INFO  o.e.b.c.i.u.g.PublishedGradleVersions - Gradle version information cache is up-to-date. Trying to read.
2019-09-09 14:38:17,273 [Worker-2: Loading available Gradle versions] INFO  o.e.b.c.i.u.g.PublishedGradleVersions - Gradle version information cache is out-of-date. Trying to update.
2019-09-12 12:10:05,009 [Worker-5: Loading available Gradle versions] INFO  o.e.b.c.i.u.g.PublishedGradleVersions - Gradle version information cache is out-of-date. Trying to update.
2019-09-12 14:03:08,530 [Worker-13: Loading available Gradle versions] INFO  o.e.b.c.i.u.g.PublishedGradleVersions - Gradle version information cache is up-to-date. Trying to read.
2019-09-13 00:28:48,481 [Worker-2: Loading available Gradle versions] INFO  o.e.b.c.i.u.g.PublishedGradleVersions - Gradle version information cache is up-to-date. Trying to read.
2019-09-13 11:15:49,064 [Worker-1: Loading available Gradle versions] INFO  o.e.b.c.i.u.g.PublishedGradleVersions - Gradle version information cache is up-to-date. Trying to read.
2019-09-13 12:11:56,026 [Worker-2: Loading available Gradle versions] INFO  o.e.b.c.i.u.g.PublishedGradleVersions - Gradle version information cache is out-of-date. Trying to update.
2019-09-13 20:01:56,692 [Worker-4: Loading available Gradle versions] INFO  o.e.b.c.i.u.g.PublishedGradleVersions - Gradle version information cache is up-to-date. Trying to read.
2019-09-15 18:11:22,485 [Worker-14: Loading available Gradle versions] INFO  o.e.b.c.i.u.g.PublishedGradleVersions - Gradle version information cache is out-of-date. Trying to update.
2019-09-15 20:25:47,598 [Worker-4: Loading available Gradle versions] INFO  o.e.b.c.i.u.g.PublishedGradleVersions - Gradle version information cache is up-to-date. Trying to read.
2019-09-15 23:29:36,824 [Worker-7: Loading available Gradle versions] INFO  o.e.b.c.i.u.g.PublishedGradleVersions - Gradle version information cache is up-to-date. Trying to read.
2019-09-18 16:11:30,564 [Worker-2: Loading available Gradle versions] INFO  o.e.b.c.i.u.g.PublishedGradleVersions - Gradle version information cache is out-of-date. Trying to update.
2019-09-18 22:54:48,377 [Worker-2: Loading available Gradle versions] INFO  o.e.b.c.i.u.g.PublishedGradleVersions - Gradle version information cache is up-to-date. Trying to read.
2019-09-18 23:02:14,422 [Worker-2: Loading available Gradle versions] INFO  o.e.b.c.i.u.g.PublishedGradleVersions - Gradle version information cache is up-to-date. Trying to read.
2019-09-18 23:38:44,139 [Worker-3: Loading available Gradle versions] INFO  o.e.b.c.i.u.g.PublishedGradleVersions - Gradle version information cache is up-to-date. Trying to read.
2019-09-19 12:02:08,488 [Worker-0: Loading available Gradle versions] INFO  o.e.b.c.i.u.g.PublishedGradleVersions - Gradle version information cache is up-to-date. Trying to read.
2019-09-20 10:55:13,392 [Worker-2: Loading available Gradle versions] INFO  o.e.b.c.i.u.g.PublishedGradleVersions - Gradle version information cache is out-of-date. Trying to update.
2019-09-20 14:29:10,162 [Worker-1: Loading available Gradle versions] INFO  o.e.b.c.i.u.g.PublishedGradleVersions - Gradle version information cache is up-to-date. Trying to read.
2019-09-20 14:58:37,830 [Worker-1: Loading available Gradle versions] INFO  o.e.b.c.i.u.g.PublishedGradleVersions - Gradle version information cache is up-to-date. Trying to read.
2019-09-20 18:42:08,978 [Worker-6: Loading available Gradle versions] INFO  o.e.b.c.i.u.g.PublishedGradleVersions - Gradle version information cache is up-to-date. Trying to read.
2019-09-20 19:44:41,159 [Worker-3: Loading available Gradle versions] INFO  o.e.b.c.i.u.g.PublishedGradleVersions - Gradle version information cache is up-to-date. Trying to read.
2019-09-21 01:54:53,612 [Worker-7: Loading available Gradle versions] INFO  o.e.b.c.i.u.g.PublishedGradleVersions - Gradle version information cache is up-to-date. Trying to read.
2019-09-21 11:48:13,428 [Worker-19: Loading available Gradle versions] INFO  o.e.b.c.i.u.g.PublishedGradleVersions - Gradle version information cache is out-of-date. Trying to update.
2019-09-21 18:46:01,589 [Worker-2: Loading available Gradle versions] INFO  o.e.b.c.i.u.g.PublishedGradleVersions - Gradle version information cache is up-to-date. Trying to read.
2019-09-21 20:00:58,513 [Worker-4: Loading available Gradle versions] INFO  o.e.b.c.i.u.g.PublishedGradleVersions - Gradle version information cache is up-to-date. Trying to read.
2019-09-21 20:54:24,889 [Worker-13: Loading available Gradle versions] INFO  o.e.b.c.i.u.g.PublishedGradleVersions - Gradle version information cache is up-to-date. Trying to read.
2019-09-22 03:43:18,021 [Worker-3: Loading available Gradle versions] INFO  o.e.b.c.i.u.g.PublishedGradleVersions - Gradle version information cache is up-to-date. Trying to read.
2019-09-22 12:43:45,913 [Worker-0: Loading available Gradle versions] INFO  o.e.b.c.i.u.g.PublishedGradleVersions - Gradle version information cache is out-of-date. Trying to update.
2019-09-22 22:13:09,618 [Worker-1: Loading available Gradle versions] INFO  o.e.b.c.i.u.g.PublishedGradleVersions - Gradle version information cache is up-to-date. Trying to read.
2019-09-23 13:59:05,039 [Worker-1: Loading available Gradle versions] INFO  o.e.b.c.i.u.g.PublishedGradleVersions - Gradle version information cache is out-of-date. Trying to update.
2019-09-24 09:07:51,822 [Worker-3: Loading available Gradle versions] INFO  o.e.b.c.i.u.g.PublishedGradleVersions - Gradle version information cache is up-to-date. Trying to read.
2019-09-24 11:53:41,731 [Worker-1: Loading available Gradle versions] INFO  o.e.b.c.i.u.g.PublishedGradleVersions - Gradle version information cache is up-to-date. Trying to read.
2019-09-25 00:52:41,369 [Worker-4: Loading available Gradle versions] INFO  o.e.b.c.i.u.g.PublishedGradleVersions - Gradle version information cache is out-of-date. Trying to update.
2019-09-25 12:05:11,599 [Worker-3: Loading available Gradle versions] INFO  o.e.b.c.i.u.g.PublishedGradleVersions - Gradle version information cache is up-to-date. Trying to read.
2019-09-25 15:42:29,999 [Worker-14: Loading available Gradle versions] INFO  o.e.b.c.i.u.g.PublishedGradleVersions - Gradle version information cache is up-to-date. Trying to read.
2019-09-26 00:34:31,836 [Worker-2: Loading available Gradle versions] INFO  o.e.b.c.i.u.g.PublishedGradleVersions - Gradle version information cache is up-to-date. Trying to read.
2019-09-26 09:57:07,082 [Worker-1: Loading available Gradle versions] INFO  o.e.b.c.i.u.g.PublishedGradleVersions - Gradle version information cache is out-of-date. Trying to update.
2019-09-27 00:41:59,368 [Worker-1: Loading available Gradle versions] INFO  o.e.b.c.i.u.g.PublishedGradleVersions - Gradle version information cache is up-to-date. Trying to read.
2019-09-27 14:07:51,949 [Worker-4: Loading available Gradle versions] INFO  o.e.b.c.i.u.g.PublishedGradleVersions - Gradle version information cache is out-of-date. Trying to update.
2019-09-29 11:16:54,554 [Worker-4: Loading available Gradle versions] INFO  o.e.b.c.i.u.g.PublishedGradleVersions - Gradle version information cache is out-of-date. Trying to update.
2019-09-30 23:11:20,822 [Worker-4: Loading available Gradle versions] INFO  o.e.b.c.i.u.g.PublishedGradleVersions - Gradle version information cache is out-of-date. Trying to update.
2019-10-01 00:18:40,295 [Worker-3: Loading available Gradle versions] INFO  o.e.b.c.i.u.g.PublishedGradleVersions - Gradle version information cache is up-to-date. Trying to read.
2019-10-01 14:55:57,095 [Worker-3: Loading available Gradle versions] INFO  o.e.b.c.i.u.g.PublishedGradleVersions - Gradle version information cache is up-to-date. Trying to read.
2019-10-01 23:46:35,119 [Worker-1: Loading available Gradle versions] INFO  o.e.b.c.i.u.g.PublishedGradleVersions - Gradle version information cache is out-of-date. Trying to update.
2019-10-02 10:25:07,225 [Worker-0: Loading available Gradle versions] INFO  o.e.b.c.i.u.g.PublishedGradleVersions - Gradle version information cache is up-to-date. Trying to read.
2019-10-02 14:16:00,828 [Worker-3: Loading available Gradle versions] INFO  o.e.b.c.i.u.g.PublishedGradleVersions - Gradle version information cache is up-to-date. Trying to read.
2019-10-04 13:38:10,760 [Worker-4: Loading available Gradle versions] INFO  o.e.b.c.i.u.g.PublishedGradleVersions - Gradle version information cache is out-of-date. Trying to update.
2019-10-04 17:53:59,145 [Worker-2: Loading available Gradle versions] INFO  o.e.b.c.i.u.g.PublishedGradleVersions - Gradle version information cache is up-to-date. Trying to read.
2019-10-04 23:34:03,035 [Worker-1: Loading available Gradle versions] INFO  o.e.b.c.i.u.g.PublishedGradleVersions - Gradle version information cache is up-to-date. Trying to read.
2019-10-05 15:55:27,048 [Worker-0: Loading available Gradle versions] INFO  o.e.b.c.i.u.g.PublishedGradleVersions - Gradle version information cache is out-of-date. Trying to update.
2019-10-05 18:06:22,640 [Worker-44: Debug Source Lookup] INFO  o.e.m.c.i.e.AbstractTransferListenerAdapter - Downloading https://repo.maven.apache.org/maven2/junit/junit/4.12/junit-4.12-sources.jar
2019-10-05 18:06:23,390 [Worker-44: Debug Source Lookup] INFO  o.e.m.c.i.e.AbstractTransferListenerAdapter - Downloaded https://repo.maven.apache.org/maven2/junit/junit/4.12/junit-4.12-sources.jar
2019-10-05 22:26:51,307 [Worker-3: Loading available Gradle versions] INFO  o.e.b.c.i.u.g.PublishedGradleVersions - Gradle version information cache is up-to-date. Trying to read.
2019-10-05 23:04:26,532 [Worker-0: Loading available Gradle versions] INFO  o.e.b.c.i.u.g.PublishedGradleVersions - Gradle version information cache is up-to-date. Trying to read.
2019-10-05 23:22:37,465 [Worker-4: Loading available Gradle versions] INFO  o.e.b.c.i.u.g.PublishedGradleVersions - Gradle version information cache is up-to-date. Trying to read.
2019-10-06 01:20:50,046 [Worker-4: Loading available Gradle versions] INFO  o.e.b.c.i.u.g.PublishedGradleVersions - Gradle version information cache is up-to-date. Trying to read.
2019-10-06 12:29:13,299 [Worker-8: Loading available Gradle versions] INFO  o.e.b.c.i.u.g.PublishedGradleVersions - Gradle version information cache is up-to-date. Trying to read.
2019-10-06 17:59:05,073 [Worker-12: Loading available Gradle versions] INFO  o.e.b.c.i.u.g.PublishedGradleVersions - Gradle version information cache is out-of-date. Trying to update.
2019-10-06 19:26:25,303 [Worker-3: Loading available Gradle versions] INFO  o.e.b.c.i.u.g.PublishedGradleVersions - Gradle version information cache is up-to-date. Trying to read.
2019-10-06 19:59:27,562 [Worker-1: Loading available Gradle versions] INFO  o.e.b.c.i.u.g.PublishedGradleVersions - Gradle version information cache is up-to-date. Trying to read.
2019-10-06 20:20:26,075 [Worker-1: Loading available Gradle versions] INFO  o.e.b.c.i.u.g.PublishedGradleVersions - Gradle version information cache is up-to-date. Trying to read.
2019-10-07 11:31:39,340 [Worker-3: Loading available Gradle versions] INFO  o.e.b.c.i.u.g.PublishedGradleVersions - Gradle version information cache is up-to-date. Trying to read.
2019-10-08 00:48:27,910 [Worker-2: Loading available Gradle versions] INFO  o.e.b.c.i.u.g.PublishedGradleVersions - Gradle version information cache is out-of-date. Trying to update.
2019-10-08 03:31:27,190 [Worker-1: Loading available Gradle versions] INFO  o.e.b.c.i.u.g.PublishedGradleVersions - Gradle version information cache is up-to-date. Trying to read.
2019-10-08 13:34:29,347 [Worker-3: Loading available Gradle versions] INFO  o.e.b.c.i.u.g.PublishedGradleVersions - Gradle version information cache is up-to-date. Trying to read.
2019-10-09 01:05:01,206 [Worker-5: Loading available Gradle versions] INFO  o.e.b.c.i.u.g.PublishedGradleVersions - Gradle version information cache is out-of-date. Trying to update.
2019-10-09 11:20:29,711 [Worker-3: Loading available Gradle versions] INFO  o.e.b.c.i.u.g.PublishedGradleVersions - Gradle version information cache is up-to-date. Trying to read.
2019-10-09 13:13:41,068 [Worker-3: Loading available Gradle versions] INFO  o.e.b.c.i.u.g.PublishedGradleVersions - Gradle version information cache is up-to-date. Trying to read.
2019-10-09 14:53:55,520 [Worker-1: Loading available Gradle versions] INFO  o.e.b.c.i.u.g.PublishedGradleVersions - Gradle version information cache is up-to-date. Trying to read.
2019-10-09 16:25:34,144 [Worker-4: Loading available Gradle versions] INFO  o.e.b.c.i.u.g.PublishedGradleVersions - Gradle version information cache is up-to-date. Trying to read.
2019-10-10 00:22:40,280 [Worker-4: Loading available Gradle versions] INFO  o.e.b.c.i.u.g.PublishedGradleVersions - Gradle version information cache is up-to-date. Trying to read.
2019-10-10 11:08:42,804 [Worker-5: Loading available Gradle versions] INFO  o.e.b.c.i.u.g.PublishedGradleVersions - Gradle version information cache is out-of-date. Trying to update.
2019-10-11 00:55:45,553 [Worker-1: Loading available Gradle versions] INFO  o.e.b.c.i.u.g.PublishedGradleVersions - Gradle version information cache is up-to-date. Trying to read.
2019-10-11 00:59:49,443 [Worker-4: Loading available Gradle versions] INFO  o.e.b.c.i.u.g.PublishedGradleVersions - Gradle version information cache is up-to-date. Trying to read.
2019-10-11 01:08:13,800 [Worker-2: Loading available Gradle versions] INFO  o.e.b.c.i.u.g.PublishedGradleVersions - Gradle version information cache is up-to-date. Trying to read.
2019-10-11 01:22:50,286 [Worker-3: Loading available Gradle versions] INFO  o.e.b.c.i.u.g.PublishedGradleVersions - Gradle version information cache is up-to-date. Trying to read.
2019-10-11 01:40:14,262 [Worker-0: Loading available Gradle versions] INFO  o.e.b.c.i.u.g.PublishedGradleVersions - Gradle version information cache is up-to-date. Trying to read.
2019-10-11 01:52:16,930 [Worker-4: Loading available Gradle versions] INFO  o.e.b.c.i.u.g.PublishedGradleVersions - Gradle version information cache is up-to-date. Trying to read.
2019-10-11 02:06:28,569 [Worker-1: Loading available Gradle versions] INFO  o.e.b.c.i.u.g.PublishedGradleVersions - Gradle version information cache is up-to-date. Trying to read.
2019-10-11 02:29:01,954 [Worker-1: Loading available Gradle versions] INFO  o.e.b.c.i.u.g.PublishedGradleVersions - Gradle version information cache is up-to-date. Trying to read.
2019-10-11 10:53:11,943 [Worker-3: Loading available Gradle versions] INFO  o.e.b.c.i.u.g.PublishedGradleVersions - Gradle version information cache is up-to-date. Trying to read.
2019-10-11 18:36:49,140 [Worker-2: Loading available Gradle versions] INFO  o.e.b.c.i.u.g.PublishedGradleVersions - Gradle version information cache is out-of-date. Trying to update.
2019-10-11 23:05:06,127 [Worker-0: Loading available Gradle versions] INFO  o.e.b.c.i.u.g.PublishedGradleVersions - Gradle version information cache is up-to-date. Trying to read.
2019-10-12 12:14:22,938 [Worker-12: Loading available Gradle versions] INFO  o.e.b.c.i.u.g.PublishedGradleVersions - Gradle version information cache is up-to-date. Trying to read.
2019-10-13 14:39:42,581 [Worker-17: Loading available Gradle versions] INFO  o.e.b.c.i.u.g.PublishedGradleVersions - Gradle version information cache is out-of-date. Trying to update.
2019-10-14 14:19:01,739 [Worker-5: Loading available Gradle versions] INFO  o.e.b.c.i.u.g.PublishedGradleVersions - Gradle version information cache is up-to-date. Trying to read.
2019-10-14 20:27:44,649 [Worker-1: Loading available Gradle versions] INFO  o.e.b.c.i.u.g.PublishedGradleVersions - Gradle version information cache is out-of-date. Trying to update.
2019-10-16 14:04:56,898 [Worker-1: Loading available Gradle versions] INFO  o.e.b.c.i.u.g.PublishedGradleVersions - Gradle version information cache is out-of-date. Trying to update.
2019-10-16 14:26:50,493 [Worker-3: Loading available Gradle versions] INFO  o.e.b.c.i.u.g.PublishedGradleVersions - Gradle version information cache is up-to-date. Trying to read.
2019-10-17 00:24:17,097 [Worker-3: Loading available Gradle versions] INFO  o.e.b.c.i.u.g.PublishedGradleVersions - Gradle version information cache is up-to-date. Trying to read.
2019-10-17 14:44:08,944 [Worker-4: Loading available Gradle versions] INFO  o.e.b.c.i.u.g.PublishedGradleVersions - Gradle version information cache is out-of-date. Trying to update.
2019-10-18 00:10:11,676 [Worker-4: Loading available Gradle versions] INFO  o.e.b.c.i.u.g.PublishedGradleVersions - Gradle version information cache is up-to-date. Trying to read.
2019-10-18 01:14:05,880 [Worker-4: Loading available Gradle versions] INFO  o.e.b.c.i.u.g.PublishedGradleVersions - Gradle version information cache is up-to-date. Trying to read.
2019-10-18 10:00:02,672 [Worker-4: Loading available Gradle versions] INFO  o.e.b.c.i.u.g.PublishedGradleVersions - Gradle version information cache is up-to-date. Trying to read.
2019-10-18 10:16:06,052 [Worker-6: Loading available Gradle versions] INFO  o.e.b.c.i.u.g.PublishedGradleVersions - Gradle version information cache is up-to-date. Trying to read.
2019-10-19 08:24:24,789 [Worker-2: Loading available Gradle versions] INFO  o.e.b.c.i.u.g.PublishedGradleVersions - Gradle version information cache is out-of-date. Trying to update.
2019-10-19 22:19:28,155 [Worker-3: Loading available Gradle versions] INFO  o.e.b.c.i.u.g.PublishedGradleVersions - Gradle version information cache is up-to-date. Trying to read.
2019-10-20 20:29:39,354 [Worker-3: Loading available Gradle versions] INFO  o.e.b.c.i.u.g.PublishedGradleVersions - Gradle version information cache is out-of-date. Trying to update.
2019-10-23 23:59:46,774 [Worker-1: Loading available Gradle versions] INFO  o.e.b.c.i.u.g.PublishedGradleVersions - Gradle version information cache is out-of-date. Trying to update.
2019-10-25 14:29:49,567 [Worker-1: Loading available Gradle versions] INFO  o.e.b.c.i.u.g.PublishedGradleVersions - Gradle version information cache is out-of-date. Trying to update.
2019-10-25 15:58:19,048 [Worker-1: Loading available Gradle versions] INFO  o.e.b.c.i.u.g.PublishedGradleVersions - Gradle version information cache is up-to-date. Trying to read.
2019-10-25 16:33:14,016 [Worker-1: Loading available Gradle versions] INFO  o.e.b.c.i.u.g.PublishedGradleVersions - Gradle version information cache is up-to-date. Trying to read.
2019-10-26 00:40:38,321 [Worker-2: Loading available Gradle versions] INFO  o.e.b.c.i.u.g.PublishedGradleVersions - Gradle version information cache is up-to-date. Trying to read.
2019-10-27 10:13:24,344 [Worker-1: Loading available Gradle versions] INFO  o.e.b.c.i.u.g.PublishedGradleVersions - Gradle version information cache is out-of-date. Trying to update.
2019-10-27 13:06:27,954 [Worker-2: Loading available Gradle versions] INFO  o.e.b.c.i.u.g.PublishedGradleVersions - Gradle version information cache is up-to-date. Trying to read.
2019-10-27 17:42:38,362 [Worker-0: Loading available Gradle versions] INFO  o.e.b.c.i.u.g.PublishedGradleVersions - Gradle version information cache is up-to-date. Trying to read.
2019-10-27 19:12:14,268 [Worker-1: Loading available Gradle versions] INFO  o.e.b.c.i.u.g.PublishedGradleVersions - Gradle version information cache is up-to-date. Trying to read.
2019-10-30 00:43:25,889 [Worker-2: Loading available Gradle versions] INFO  o.e.b.c.i.u.g.PublishedGradleVersions - Gradle version information cache is out-of-date. Trying to update.
2019-10-30 01:07:53,794 [Worker-2: Loading available Gradle versions] INFO  o.e.b.c.i.u.g.PublishedGradleVersions - Gradle version information cache is up-to-date. Trying to read.
2019-10-30 10:47:51,795 [Worker-5: Loading available Gradle versions] INFO  o.e.b.c.i.u.g.PublishedGradleVersions - Gradle version information cache is up-to-date. Trying to read.
2019-10-30 11:38:49,202 [Worker-5: Loading available Gradle versions] INFO  o.e.b.c.i.u.g.PublishedGradleVersions - Gradle version information cache is up-to-date. Trying to read.
2019-10-31 00:05:24,472 [Worker-2: Loading available Gradle versions] INFO  o.e.b.c.i.u.g.PublishedGradleVersions - Gradle version information cache is up-to-date. Trying to read.
2019-10-31 00:17:27,379 [Worker-1: Loading available Gradle versions] INFO  o.e.b.c.i.u.g.PublishedGradleVersions - Gradle version information cache is up-to-date. Trying to read.
2019-10-31 13:10:27,899 [Worker-8: Loading available Gradle versions] INFO  o.e.b.c.i.u.g.PublishedGradleVersions - Gradle version information cache is out-of-date. Trying to update.
2019-11-01 21:01:04,412 [Worker-1: Loading available Gradle versions] INFO  o.e.b.c.i.u.g.PublishedGradleVersions - Gradle version information cache is out-of-date. Trying to update.
2019-11-02 15:11:57,523 [Worker-2: Loading available Gradle versions] INFO  o.e.b.c.i.u.g.PublishedGradleVersions - Gradle version information cache is up-to-date. Trying to read.
2019-11-02 19:46:17,015 [Worker-6: Loading available Gradle versions] INFO  o.e.b.c.i.u.g.PublishedGradleVersions - Gradle version information cache is up-to-date. Trying to read.
2019-11-02 19:57:18,303 [Worker-3: Loading available Gradle versions] INFO  o.e.b.c.i.u.g.PublishedGradleVersions - Gradle version information cache is up-to-date. Trying to read.
2019-11-02 20:42:26,193 [Worker-5: Loading available Gradle versions] INFO  o.e.b.c.i.u.g.PublishedGradleVersions - Gradle version information cache is up-to-date. Trying to read.
2019-11-02 22:21:57,581 [Worker-5: Loading available Gradle versions] INFO  o.e.b.c.i.u.g.PublishedGradleVersions - Gradle version information cache is out-of-date. Trying to update.
2019-11-03 00:01:54,861 [Worker-0: Loading available Gradle versions] INFO  o.e.b.c.i.u.g.PublishedGradleVersions - Gradle version information cache is up-to-date. Trying to read.
2019-11-03 22:06:37,195 [Worker-5: Loading available Gradle versions] INFO  o.e.b.c.i.u.g.PublishedGradleVersions - Gradle version information cache is up-to-date. Trying to read.
2019-11-05 00:40:52,849 [Worker-3: Loading available Gradle versions] INFO  o.e.b.c.i.u.g.PublishedGradleVersions - Gradle version information cache is out-of-date. Trying to update.
2019-11-05 11:53:12,232 [Worker-0: Loading available Gradle versions] INFO  o.e.b.c.i.u.g.PublishedGradleVersions - Gradle version information cache is up-to-date. Trying to read.
2019-11-05 14:54:40,608 [Worker-1: Loading available Gradle versions] INFO  o.e.b.c.i.u.g.PublishedGradleVersions - Gradle version information cache is up-to-date. Trying to read.
2019-11-07 00:36:26,336 [Worker-5: Loading available Gradle versions] INFO  o.e.b.c.i.u.g.PublishedGradleVersions - Gradle version information cache is out-of-date. Trying to update.
2019-11-07 12:27:04,757 [Worker-5: Loading available Gradle versions] INFO  o.e.b.c.i.u.g.PublishedGradleVersions - Gradle version information cache is up-to-date. Trying to read.
2019-11-08 00:35:59,785 [Worker-3: Loading available Gradle versions] INFO  o.e.b.c.i.u.g.PublishedGradleVersions - Gradle version information cache is up-to-date. Trying to read.
2019-11-08 11:40:10,018 [Worker-0: Loading available Gradle versions] INFO  o.e.b.c.i.u.g.PublishedGradleVersions - Gradle version information cache is out-of-date. Trying to update.
2019-11-08 22:58:02,655 [Worker-4: Loading available Gradle versions] INFO  o.e.b.c.i.u.g.PublishedGradleVersions - Gradle version information cache is up-to-date. Trying to read.
2019-11-08 23:59:59,005 [Worker-35: Cálculo de decoración] WARN  o.e.j.i.s.file.ObjectDirectory - Pack file C:\Users\user\Desktop\TpProgramacion\.git\objects\pack\pack-89c517bef203408bb1c1d9c71ac1e07e1ef71073.pack is corrupt, removing it from pack list
org.eclipse.jgit.errors.PackInvalidException: Pack file invalid: C:\Users\user\Desktop\TpProgramacion\.git\objects\pack\pack-89c517bef203408bb1c1d9c71ac1e07e1ef71073.pack
	at org.eclipse.jgit.internal.storage.file.PackFile.doOpen(PackFile.java:682) ~[na:na]
	at org.eclipse.jgit.internal.storage.file.PackFile.beginWindowCache(PackFile.java:667) ~[na:na]
	at org.eclipse.jgit.internal.storage.file.WindowCache.load(WindowCache.java:295) ~[na:na]
	at org.eclipse.jgit.internal.storage.file.WindowCache.getOrLoad(WindowCache.java:373) ~[na:na]
	at org.eclipse.jgit.internal.storage.file.WindowCache.get(WindowCache.java:184) ~[na:na]
	at org.eclipse.jgit.internal.storage.file.WindowCursor.pin(WindowCursor.java:360) ~[na:na]
	at org.eclipse.jgit.internal.storage.file.WindowCursor.copy(WindowCursor.java:259) ~[na:na]
	at org.eclipse.jgit.internal.storage.file.PackFile.readFully(PackFile.java:643) ~[na:na]
	at org.eclipse.jgit.internal.storage.file.PackFile.load(PackFile.java:825) ~[na:na]
	at org.eclipse.jgit.internal.storage.file.PackFile.get(PackFile.java:313) ~[na:na]
	at org.eclipse.jgit.internal.storage.file.ObjectDirectory.openPackedObject(ObjectDirectory.java:488) ~[na:na]
	at org.eclipse.jgit.internal.storage.file.ObjectDirectory.openPackedFromSelfOrAlternate(ObjectDirectory.java:446) ~[na:na]
	at org.eclipse.jgit.internal.storage.file.ObjectDirectory.openObject(ObjectDirectory.java:437) ~[na:na]
	at org.eclipse.jgit.internal.storage.file.WindowCursor.open(WindowCursor.java:165) ~[na:na]
	at org.eclipse.jgit.lib.ObjectReader.open(ObjectReader.java:236) ~[na:na]
	at org.eclipse.jgit.revwalk.RevWalk.parseAny(RevWalk.java:907) ~[na:na]
	at org.eclipse.jgit.revwalk.RevWalk.parseCommit(RevWalk.java:817) ~[na:na]
	at org.eclipse.jgit.lib.BranchTrackingStatus.of(BranchTrackingStatus.java:92) ~[na:na]
	at org.eclipse.egit.ui.internal.decorators.DecoratableResourceHelper.getBranchStatus(DecoratableResourceHelper.java:74) ~[na:na]
	at org.eclipse.egit.ui.internal.decorators.DecoratableResourceAdapter.<init>(DecoratableResourceAdapter.java:77) ~[na:na]
	at org.eclipse.egit.ui.internal.decorators.GitLightweightDecorator.decorateResource(GitLightweightDecorator.java:231) ~[na:na]
	at org.eclipse.egit.ui.internal.decorators.GitLightweightDecorator.decorate(GitLightweightDecorator.java:201) ~[na:na]
	at org.eclipse.ui.internal.decorators.LightweightDecoratorDefinition.decorate(LightweightDecoratorDefinition.java:247) ~[na:na]
	at org.eclipse.ui.internal.decorators.LightweightDecoratorManager$LightweightRunnable.run(LightweightDecoratorManager.java:105) ~[na:na]
	at org.eclipse.core.runtime.SafeRunner.run(SafeRunner.java:45) ~[org.eclipse.equinox.common_3.10.400.v20190516-1504.jar:na]
	at org.eclipse.ui.internal.decorators.LightweightDecoratorManager.decorate(LightweightDecoratorManager.java:360) ~[na:na]
	at org.eclipse.ui.internal.decorators.LightweightDecoratorManager.getDecorations(LightweightDecoratorManager.java:346) ~[na:na]
	at org.eclipse.ui.internal.decorators.DecorationScheduler$1.ensureResultCached(DecorationScheduler.java:333) ~[na:na]
	at org.eclipse.ui.internal.decorators.DecorationScheduler$1.run(DecorationScheduler.java:300) ~[na:na]
	at org.eclipse.core.internal.jobs.Worker.run(Worker.java:63) ~[org.eclipse.core.jobs_3.10.400.v20190506-1457.jar:na]
Caused by: java.io.FileNotFoundException: C:\Users\user\Desktop\TpProgramacion\.git\objects\pack\pack-89c517bef203408bb1c1d9c71ac1e07e1ef71073.pack (El sistema no puede encontrar el archivo especificado)
	at java.base/java.io.RandomAccessFile.open0(Native Method) ~[na:na]
	at java.base/java.io.RandomAccessFile.open(RandomAccessFile.java:347) ~[na:na]
	at java.base/java.io.RandomAccessFile.<init>(RandomAccessFile.java:261) ~[na:na]
	at java.base/java.io.RandomAccessFile.<init>(RandomAccessFile.java:216) ~[na:na]
	at org.eclipse.jgit.internal.storage.file.PackFile.doOpen(PackFile.java:686) ~[na:na]
	at org.eclipse.jgit.internal.storage.file.PackFile.beginWindowCache(PackFile.java:667) ~[na:na]
	at org.eclipse.jgit.internal.storage.file.WindowCache.load(WindowCache.java:295) ~[na:na]
	at org.eclipse.jgit.internal.storage.file.WindowCache.getOrLoad(WindowCache.java:373) ~[na:na]
	at org.eclipse.jgit.internal.storage.file.WindowCache.get(WindowCache.java:184) ~[na:na]
	at org.eclipse.jgit.internal.storage.file.WindowCursor.pin(WindowCursor.java:360) ~[na:na]
	at org.eclipse.jgit.internal.storage.file.WindowCursor.copy(WindowCursor.java:259) ~[na:na]
	at org.eclipse.jgit.internal.storage.file.PackFile.readFully(PackFile.java:643) ~[na:na]
	at org.eclipse.jgit.internal.storage.file.PackFile.load(PackFile.java:825) ~[na:na]
	at org.eclipse.jgit.internal.storage.file.PackFile.get(PackFile.java:313) ~[na:na]
	at org.eclipse.jgit.internal.storage.file.ObjectDirectory.openPackedObject(ObjectDirectory.java:488) ~[na:na]
	at org.eclipse.jgit.internal.storage.file.ObjectDirectory.openPackedFromSelfOrAlternate(ObjectDirectory.java:446) ~[na:na]
	at org.eclipse.jgit.internal.storage.file.ObjectDirectory.openObject(ObjectDirectory.java:437) ~[na:na]
	at org.eclipse.jgit.internal.storage.file.WindowCursor.open(WindowCursor.java:165) ~[na:na]
	at org.eclipse.jgit.lib.ObjectReader.open(ObjectReader.java:236) ~[na:na]
	at org.eclipse.jgit.revwalk.RevWalk.parseAny(RevWalk.java:907) ~[na:na]
	at org.eclipse.jgit.revwalk.RevWalk.parseTree(RevWalk.java:845) ~[na:na]
	at org.eclipse.jgit.lib.IndexDiff.<init>(IndexDiff.java:323) ~[na:na]
	at org.eclipse.jgit.lib.IndexDiff.<init>(IndexDiff.java:304) ~[na:na]
	at org.eclipse.egit.core.internal.indexdiff.IndexDiffCacheEntry.calcIndexDiffDataFull(IndexDiffCacheEntry.java:674) ~[na:na]
	at org.eclipse.egit.core.internal.indexdiff.IndexDiffCacheEntry.access$8(IndexDiffCacheEntry.java:663) ~[na:na]
	at org.eclipse.egit.core.internal.indexdiff.IndexDiffCacheEntry$4.run(IndexDiffCacheEntry.java:415) ~[na:na]
	... 1 common frames omitted
2019-11-08 23:59:59,009 [Worker-22: Computing Git status for repository TpProgramacion] WARN  o.e.j.i.s.file.ObjectDirectory - Pack file C:\Users\user\Desktop\TpProgramacion\.git\objects\pack\pack-89c517bef203408bb1c1d9c71ac1e07e1ef71073.pack was deleted, removing it from pack list
java.io.FileNotFoundException: C:\Users\user\Desktop\TpProgramacion\.git\objects\pack\pack-89c517bef203408bb1c1d9c71ac1e07e1ef71073.pack (El sistema no puede encontrar el archivo especificado)
	at java.base/java.io.RandomAccessFile.open0(Native Method) ~[na:na]
	at java.base/java.io.RandomAccessFile.open(RandomAccessFile.java:347) ~[na:na]
	at java.base/java.io.RandomAccessFile.<init>(RandomAccessFile.java:261) ~[na:na]
	at java.base/java.io.RandomAccessFile.<init>(RandomAccessFile.java:216) ~[na:na]
	at org.eclipse.jgit.internal.storage.file.PackFile.doOpen(PackFile.java:686) ~[na:na]
	at org.eclipse.jgit.internal.storage.file.PackFile.beginWindowCache(PackFile.java:667) ~[na:na]
	at org.eclipse.jgit.internal.storage.file.WindowCache.load(WindowCache.java:295) ~[na:na]
	at org.eclipse.jgit.internal.storage.file.WindowCache.getOrLoad(WindowCache.java:373) ~[na:na]
	at org.eclipse.jgit.internal.storage.file.WindowCache.get(WindowCache.java:184) ~[na:na]
	at org.eclipse.jgit.internal.storage.file.WindowCursor.pin(WindowCursor.java:360) ~[na:na]
	at org.eclipse.jgit.internal.storage.file.WindowCursor.copy(WindowCursor.java:259) ~[na:na]
	at org.eclipse.jgit.internal.storage.file.PackFile.readFully(PackFile.java:643) ~[na:na]
	at org.eclipse.jgit.internal.storage.file.PackFile.load(PackFile.java:825) ~[na:na]
	at org.eclipse.jgit.internal.storage.file.PackFile.get(PackFile.java:313) ~[na:na]
	at org.eclipse.jgit.internal.storage.file.ObjectDirectory.openPackedObject(ObjectDirectory.java:488) ~[na:na]
	at org.eclipse.jgit.internal.storage.file.ObjectDirectory.openPackedFromSelfOrAlternate(ObjectDirectory.java:446) ~[na:na]
	at org.eclipse.jgit.internal.storage.file.ObjectDirectory.openObject(ObjectDirectory.java:437) ~[na:na]
	at org.eclipse.jgit.internal.storage.file.WindowCursor.open(WindowCursor.java:165) ~[na:na]
	at org.eclipse.jgit.lib.ObjectReader.open(ObjectReader.java:236) ~[na:na]
	at org.eclipse.jgit.revwalk.RevWalk.parseAny(RevWalk.java:907) ~[na:na]
	at org.eclipse.jgit.revwalk.RevWalk.parseTree(RevWalk.java:845) ~[na:na]
	at org.eclipse.jgit.lib.IndexDiff.<init>(IndexDiff.java:323) ~[na:na]
	at org.eclipse.jgit.lib.IndexDiff.<init>(IndexDiff.java:304) ~[na:na]
	at org.eclipse.egit.core.internal.indexdiff.IndexDiffCacheEntry.calcIndexDiffDataFull(IndexDiffCacheEntry.java:674) ~[na:na]
	at org.eclipse.egit.core.internal.indexdiff.IndexDiffCacheEntry.access$8(IndexDiffCacheEntry.java:663) ~[na:na]
	at org.eclipse.egit.core.internal.indexdiff.IndexDiffCacheEntry$4.run(IndexDiffCacheEntry.java:415) ~[na:na]
	at org.eclipse.core.internal.jobs.Worker.run(Worker.java:63) ~[org.eclipse.core.jobs_3.10.400.v20190506-1457.jar:na]
2019-11-08 23:59:59,194 [Worker-35: Cálculo de decoración] WARN  o.e.j.i.s.file.ObjectDirectory - Pack file C:\Users\user\Desktop\TpProgramacion\.git\objects\pack\pack-89c517bef203408bb1c1d9c71ac1e07e1ef71073.pack is corrupt, removing it from pack list
org.eclipse.jgit.errors.PackInvalidException: Pack file invalid: C:\Users\user\Desktop\TpProgramacion\.git\objects\pack\pack-89c517bef203408bb1c1d9c71ac1e07e1ef71073.pack
	at org.eclipse.jgit.internal.storage.file.PackFile.doOpen(PackFile.java:682) ~[na:na]
	at org.eclipse.jgit.internal.storage.file.PackFile.beginWindowCache(PackFile.java:667) ~[na:na]
	at org.eclipse.jgit.internal.storage.file.WindowCache.load(WindowCache.java:295) ~[na:na]
	at org.eclipse.jgit.internal.storage.file.WindowCache.getOrLoad(WindowCache.java:373) ~[na:na]
	at org.eclipse.jgit.internal.storage.file.WindowCache.get(WindowCache.java:184) ~[na:na]
	at org.eclipse.jgit.internal.storage.file.WindowCursor.pin(WindowCursor.java:360) ~[na:na]
	at org.eclipse.jgit.internal.storage.file.WindowCursor.copy(WindowCursor.java:259) ~[na:na]
	at org.eclipse.jgit.internal.storage.file.PackFile.readFully(PackFile.java:643) ~[na:na]
	at org.eclipse.jgit.internal.storage.file.PackFile.load(PackFile.java:825) ~[na:na]
	at org.eclipse.jgit.internal.storage.file.PackFile.get(PackFile.java:313) ~[na:na]
	at org.eclipse.jgit.internal.storage.file.ObjectDirectory.openPackedObject(ObjectDirectory.java:488) ~[na:na]
	at org.eclipse.jgit.internal.storage.file.ObjectDirectory.openPackedFromSelfOrAlternate(ObjectDirectory.java:446) ~[na:na]
	at org.eclipse.jgit.internal.storage.file.ObjectDirectory.openObject(ObjectDirectory.java:437) ~[na:na]
	at org.eclipse.jgit.internal.storage.file.WindowCursor.open(WindowCursor.java:165) ~[na:na]
	at org.eclipse.jgit.lib.ObjectReader.open(ObjectReader.java:236) ~[na:na]
	at org.eclipse.jgit.revwalk.RevWalk.parseAny(RevWalk.java:907) ~[na:na]
	at org.eclipse.jgit.revwalk.RevWalk.parseCommit(RevWalk.java:817) ~[na:na]
	at org.eclipse.jgit.lib.BranchTrackingStatus.of(BranchTrackingStatus.java:92) ~[na:na]
	at org.eclipse.egit.ui.internal.decorators.DecoratableResourceHelper.getBranchStatus(DecoratableResourceHelper.java:74) ~[na:na]
	at org.eclipse.egit.ui.internal.decorators.DecoratableResourceAdapter.<init>(DecoratableResourceAdapter.java:77) ~[na:na]
	at org.eclipse.egit.ui.internal.decorators.GitLightweightDecorator.decorateResource(GitLightweightDecorator.java:231) ~[na:na]
	at org.eclipse.egit.ui.internal.decorators.GitLightweightDecorator.decorate(GitLightweightDecorator.java:201) ~[na:na]
	at org.eclipse.ui.internal.decorators.LightweightDecoratorDefinition.decorate(LightweightDecoratorDefinition.java:247) ~[na:na]
	at org.eclipse.ui.internal.decorators.LightweightDecoratorManager$LightweightRunnable.run(LightweightDecoratorManager.java:105) ~[na:na]
	at org.eclipse.core.runtime.SafeRunner.run(SafeRunner.java:45) ~[org.eclipse.equinox.common_3.10.400.v20190516-1504.jar:na]
	at org.eclipse.ui.internal.decorators.LightweightDecoratorManager.decorate(LightweightDecoratorManager.java:360) ~[na:na]
	at org.eclipse.ui.internal.decorators.LightweightDecoratorManager.getDecorations(LightweightDecoratorManager.java:346) ~[na:na]
	at org.eclipse.ui.internal.decorators.DecorationScheduler$1.ensureResultCached(DecorationScheduler.java:333) ~[na:na]
	at org.eclipse.ui.internal.decorators.DecorationScheduler$1.run(DecorationScheduler.java:300) ~[na:na]
	at org.eclipse.core.internal.jobs.Worker.run(Worker.java:63) ~[org.eclipse.core.jobs_3.10.400.v20190506-1457.jar:na]
Caused by: java.io.FileNotFoundException: C:\Users\user\Desktop\TpProgramacion\.git\objects\pack\pack-89c517bef203408bb1c1d9c71ac1e07e1ef71073.pack (El sistema no puede encontrar el archivo especificado)
	at java.base/java.io.RandomAccessFile.open0(Native Method) ~[na:na]
	at java.base/java.io.RandomAccessFile.open(RandomAccessFile.java:347) ~[na:na]
	at java.base/java.io.RandomAccessFile.<init>(RandomAccessFile.java:261) ~[na:na]
	at java.base/java.io.RandomAccessFile.<init>(RandomAccessFile.java:216) ~[na:na]
	at org.eclipse.jgit.internal.storage.file.PackFile.doOpen(PackFile.java:686) ~[na:na]
	at org.eclipse.jgit.internal.storage.file.PackFile.beginWindowCache(PackFile.java:667) ~[na:na]
	at org.eclipse.jgit.internal.storage.file.WindowCache.load(WindowCache.java:295) ~[na:na]
	at org.eclipse.jgit.internal.storage.file.WindowCache.getOrLoad(WindowCache.java:373) ~[na:na]
	at org.eclipse.jgit.internal.storage.file.WindowCache.get(WindowCache.java:184) ~[na:na]
	at org.eclipse.jgit.internal.storage.file.WindowCursor.pin(WindowCursor.java:360) ~[na:na]
	at org.eclipse.jgit.internal.storage.file.WindowCursor.copy(WindowCursor.java:259) ~[na:na]
	at org.eclipse.jgit.internal.storage.file.PackFile.readFully(PackFile.java:643) ~[na:na]
	at org.eclipse.jgit.internal.storage.file.PackFile.load(PackFile.java:825) ~[na:na]
	at org.eclipse.jgit.internal.storage.file.PackFile.get(PackFile.java:313) ~[na:na]
	at org.eclipse.jgit.internal.storage.file.ObjectDirectory.openPackedObject(ObjectDirectory.java:488) ~[na:na]
	at org.eclipse.jgit.internal.storage.file.ObjectDirectory.openPackedFromSelfOrAlternate(ObjectDirectory.java:446) ~[na:na]
	at org.eclipse.jgit.internal.storage.file.ObjectDirectory.openObject(ObjectDirectory.java:437) ~[na:na]
	at org.eclipse.jgit.internal.storage.file.WindowCursor.open(WindowCursor.java:165) ~[na:na]
	at org.eclipse.jgit.lib.ObjectReader.open(ObjectReader.java:236) ~[na:na]
	at org.eclipse.jgit.revwalk.RevWalk.parseAny(RevWalk.java:907) ~[na:na]
	at org.eclipse.jgit.revwalk.RevWalk.parseTree(RevWalk.java:845) ~[na:na]
	at org.eclipse.jgit.lib.IndexDiff.<init>(IndexDiff.java:323) ~[na:na]
	at org.eclipse.jgit.lib.IndexDiff.<init>(IndexDiff.java:304) ~[na:na]
	at org.eclipse.egit.core.internal.indexdiff.IndexDiffCacheEntry.calcIndexDiffDataFull(IndexDiffCacheEntry.java:674) ~[na:na]
	at org.eclipse.egit.core.internal.indexdiff.IndexDiffCacheEntry.access$8(IndexDiffCacheEntry.java:663) ~[na:na]
	at org.eclipse.egit.core.internal.indexdiff.IndexDiffCacheEntry$4.run(IndexDiffCacheEntry.java:415) ~[na:na]
	... 1 common frames omitted
2019-11-09 00:15:00,923 [Worker-3: Loading available Gradle versions] INFO  o.e.b.c.i.u.g.PublishedGradleVersions - Gradle version information cache is up-to-date. Trying to read.
2019-11-13 00:38:43,864 [Worker-1: Loading available Gradle versions] INFO  o.e.b.c.i.u.g.PublishedGradleVersions - Gradle version information cache is out-of-date. Trying to update.
2019-11-13 14:10:24,740 [Worker-1: Loading available Gradle versions] INFO  o.e.b.c.i.u.g.PublishedGradleVersions - Gradle version information cache is up-to-date. Trying to read.
2019-11-13 23:59:09,994 [Worker-3: Loading available Gradle versions] INFO  o.e.b.c.i.u.g.PublishedGradleVersions - Gradle version information cache is up-to-date. Trying to read.
2019-11-14 09:35:45,041 [Worker-1: Loading available Gradle versions] INFO  o.e.b.c.i.u.g.PublishedGradleVersions - Gradle version information cache is out-of-date. Trying to update.
2019-11-15 01:07:50,964 [Worker-5: Loading available Gradle versions] INFO  o.e.b.c.i.u.g.PublishedGradleVersions - Gradle version information cache is up-to-date. Trying to read.
2019-11-15 02:39:19,045 [Worker-0: Loading available Gradle versions] INFO  o.e.b.c.i.u.g.PublishedGradleVersions - Gradle version information cache is up-to-date. Trying to read.
2019-11-15 02:59:32,532 [Worker-0: Loading available Gradle versions] INFO  o.e.b.c.i.u.g.PublishedGradleVersions - Gradle version information cache is up-to-date. Trying to read.
2019-11-15 13:20:30,580 [Worker-3: Loading available Gradle versions] INFO  o.e.b.c.i.u.g.PublishedGradleVersions - Gradle version information cache is out-of-date. Trying to update.
2019-11-15 13:47:53,313 [Worker-2: Loading available Gradle versions] INFO  o.e.b.c.i.u.g.PublishedGradleVersions - Gradle version information cache is up-to-date. Trying to read.
2019-11-15 13:55:11,583 [Worker-1: Loading available Gradle versions] INFO  o.e.b.c.i.u.g.PublishedGradleVersions - Gradle version information cache is up-to-date. Trying to read.
2019-11-15 14:07:53,976 [Worker-5: Loading available Gradle versions] INFO  o.e.b.c.i.u.g.PublishedGradleVersions - Gradle version information cache is up-to-date. Trying to read.
2019-11-15 15:16:44,954 [Worker-2: Loading available Gradle versions] INFO  o.e.b.c.i.u.g.PublishedGradleVersions - Gradle version information cache is up-to-date. Trying to read.
2019-11-15 15:49:50,447 [Worker-1: Loading available Gradle versions] INFO  o.e.b.c.i.u.g.PublishedGradleVersions - Gradle version information cache is up-to-date. Trying to read.
2019-11-15 16:31:03,134 [Worker-4: Loading available Gradle versions] INFO  o.e.b.c.i.u.g.PublishedGradleVersions - Gradle version information cache is up-to-date. Trying to read.
2019-11-15 21:42:42,610 [Worker-1: Loading available Gradle versions] INFO  o.e.b.c.i.u.g.PublishedGradleVersions - Gradle version information cache is up-to-date. Trying to read.
2019-11-16 15:15:07,800 [Worker-2: Loading available Gradle versions] INFO  o.e.b.c.i.u.g.PublishedGradleVersions - Gradle version information cache is out-of-date. Trying to update.
2019-11-16 16:14:12,398 [Worker-4: Loading available Gradle versions] INFO  o.e.b.c.i.u.g.PublishedGradleVersions - Gradle version information cache is up-to-date. Trying to read.
2019-11-16 18:55:32,052 [Worker-3: Loading available Gradle versions] INFO  o.e.b.c.i.u.g.PublishedGradleVersions - Gradle version information cache is up-to-date. Trying to read.
2019-11-16 19:19:36,831 [Worker-3: Loading available Gradle versions] INFO  o.e.b.c.i.u.g.PublishedGradleVersions - Gradle version information cache is up-to-date. Trying to read.
2019-11-16 22:03:39,533 [Worker-1: Loading available Gradle versions] INFO  o.e.b.c.i.u.g.PublishedGradleVersions - Gradle version information cache is up-to-date. Trying to read.
2019-11-16 23:29:32,409 [Worker-1: Loading available Gradle versions] INFO  o.e.b.c.i.u.g.PublishedGradleVersions - Gradle version information cache is up-to-date. Trying to read.
2019-11-17 00:20:02,456 [Worker-0: Loading available Gradle versions] INFO  o.e.b.c.i.u.g.PublishedGradleVersions - Gradle version information cache is up-to-date. Trying to read.
2019-11-17 14:55:10,379 [Worker-1: Loading available Gradle versions] INFO  o.e.b.c.i.u.g.PublishedGradleVersions - Gradle version information cache is up-to-date. Trying to read.
2019-11-17 21:10:10,766 [Worker-5: Loading available Gradle versions] INFO  o.e.b.c.i.u.g.PublishedGradleVersions - Gradle version information cache is out-of-date. Trying to update.
2019-11-18 01:40:50,608 [Worker-2: Loading available Gradle versions] INFO  o.e.b.c.i.u.g.PublishedGradleVersions - Gradle version information cache is up-to-date. Trying to read.
2019-11-18 21:09:29,158 [Worker-2: Loading available Gradle versions] INFO  o.e.b.c.i.u.g.PublishedGradleVersions - Gradle version information cache is up-to-date. Trying to read.
2019-11-19 01:49:13,161 [Worker-0: Loading available Gradle versions] INFO  o.e.b.c.i.u.g.PublishedGradleVersions - Gradle version information cache is out-of-date. Trying to update.
2019-11-19 12:02:31,304 [Worker-3: Loading available Gradle versions] INFO  o.e.b.c.i.u.g.PublishedGradleVersions - Gradle version information cache is up-to-date. Trying to read.
2019-11-19 12:09:42,994 [Worker-0: Loading available Gradle versions] INFO  o.e.b.c.i.u.g.PublishedGradleVersions - Gradle version information cache is up-to-date. Trying to read.
2019-11-19 13:36:40,611 [Worker-1: Loading available Gradle versions] INFO  o.e.b.c.i.u.g.PublishedGradleVersions - Gradle version information cache is up-to-date. Trying to read.
2019-11-19 13:53:25,701 [Worker-1: Loading available Gradle versions] INFO  o.e.b.c.i.u.g.PublishedGradleVersions - Gradle version information cache is up-to-date. Trying to read.
2019-11-19 14:59:50,336 [Worker-0: Loading available Gradle versions] INFO  o.e.b.c.i.u.g.PublishedGradleVersions - Gradle version information cache is up-to-date. Trying to read.
2019-11-20 03:24:19,440 [Worker-2: Loading available Gradle versions] INFO  o.e.b.c.i.u.g.PublishedGradleVersions - Gradle version information cache is out-of-date. Trying to update.
2019-11-20 13:05:14,087 [Worker-2: Loading available Gradle versions] INFO  o.e.b.c.i.u.g.PublishedGradleVersions - Gradle version information cache is up-to-date. Trying to read.
